
> my-v0-project@0.1.0 dev
> next dev

 ⚠ Warning: Next.js inferred your workspace root, but it may not be correct.
 We detected multiple lockfiles and selected the directory of /home/soc/package-lock.json as the root directory.
 To silence this warning, set `outputFileTracingRoot` in your Next.js config, or consider removing one of the lockfiles if it's not needed.
   See https://nextjs.org/docs/app/api-reference/config/next-config-js/output#caveats for more information.
 Detected additional lockfiles: 
   * /home/soc/soc-dashboard/pnpm-lock.yaml

   ▲ Next.js 15.5.6
   - Local:        http://localhost:3000
   - Network:      http://100.100.26.105:3000
   - Environments: .env.local, .env

 ✓ Starting...
 ✓ Ready in 3.2s
 ○ Compiling /middleware ...
 ✓ Compiled /middleware in 1530ms (114 modules)
 ○ Compiling /api/wazuh/cases ...
 ✓ Compiled /api/wazuh/cases in 2s (298 modules)
POST /api/wazuh/cases - Start
Creating case with: {
  alertIds: [ 'cmiu0ea680055jwb39m7090h5' ],
  caseName: 'Test Timeline',
  assigneeId: undefined,
  description: 'test description'
}
Verifying alerts: [ 'cmiu0ea680055jwb39m7090h5' ]
Found 1 of 1 alerts
Creating WazuhCase (step 1 - main record)...
Generated case number: 0012
Case created successfully: cmiu39mnl0001jw0hjz871cmf
Associating alerts (step 2)...
Alerts associated successfully
Fetching complete case (step 3)...
Complete case fetched: cmiu39mnl0001jw0hjz871cmf
 POST /api/wazuh/cases 201 in 2443ms
 ✓ Compiled /api/alerts in 301ms (300 modules)
=== FETCHING ALERTS ===
Integration ID: null
Time Range: 12h
Status Filter: New
Severity Filter: null
Page: 1 Limit: 10
Where clause: {
  "timestamp": {
    "gte": "2025-12-05T21:26:08.807Z"
  },
  "status": "New"
}
Found 10 alerts out of 19 total
Stats: {
  total: 19,
  open: 0,
  inProgress: 0,
  resolved: 0,
  closed: 0,
  critical: 9,
  high: 5,
  medium: 5,
  low: 0
}
 GET /api/alerts?page=1&limit=10&time_range=12h&status=New 200 in 408ms
 ✓ Compiled /api/cases/[id]/timeline in 151ms (302 modules)
Fetching timeline for case: cmiu39mnl0001jw0hjz871cmf
 GET /api/cases/cmiu39mnl0001jw0hjz871cmf/timeline 200 in 712ms
 ○ Compiling /api/cases/[id] ...
 ✓ Compiled /api/cases/[id] in 681ms (452 modules)
Updating case: cmiu39mnl0001jw0hjz871cmf {
  status: 'in progress',
  severity: 'high',
  assignee: undefined,
  comment: undefined,
  integrationSource: undefined
}
 PUT /api/cases/cmiu39mnl0001jw0hjz871cmf 404 in 1263ms
Updating case: cmiu39mnl0001jw0hjz871cmf {
  status: 'In Progress',
  severity: 'high',
  assignee: undefined,
  comment: undefined,
  integrationSource: 'wazuh'
}
Wazuh case updated successfully: Test Timeline
Recorded 2 timeline events
 PUT /api/cases/cmiu39mnl0001jw0hjz871cmf 200 in 60ms
Fetching timeline for case: cmiu39mnl0001jw0hjz871cmf
 GET /api/cases/cmiu39mnl0001jw0hjz871cmf/timeline 200 in 44ms
 ○ Compiling /dashboard ...
 ✓ Compiled /dashboard in 12.5s (3124 modules)
 GET /dashboard 200 in 14484ms
 ✓ Compiled in 2.3s (1396 modules)
 ✓ Compiled in 314ms (1396 modules)
 ✓ Compiled in 298ms (1396 modules)
 ✓ Compiled in 250ms (1396 modules)
 ✓ Compiled in 247ms (1396 modules)
 ✓ Compiled in 252ms (1396 modules)
 ✓ Compiled in 298ms (1396 modules)
 ✓ Compiled in 248ms (1396 modules)
 ✓ Compiled in 299ms (1396 modules)
 ✓ Compiled in 294ms (1396 modules)
 ✓ Compiled in 313ms (1396 modules)
 ✓ Compiled in 406ms (1396 modules)
 ✓ Compiled in 263ms (1396 modules)
 ✓ Compiled in 254ms (1396 modules)
 ✓ Compiled in 261ms (1396 modules)
 ✓ Compiled in 251ms (1396 modules)
 ✓ Compiled in 237ms (1396 modules)
 ✓ Compiled in 266ms (1396 modules)
 ✓ Compiled in 274ms (1396 modules)
 ✓ Compiled in 260ms (1396 modules)
 ✓ Compiled in 258ms (1396 modules)
 ✓ Compiled in 252ms (1396 modules)
 ✓ Compiled in 258ms (1396 modules)
 ✓ Compiled in 254ms (1396 modules)
 ✓ Compiled in 257ms (1396 modules)
 ✓ Compiled in 214ms (1396 modules)
 ✓ Compiled in 219ms (1396 modules)
 ✓ Compiled in 218ms (1396 modules)
 ✓ Compiled in 220ms (1396 modules)
 ✓ Compiled in 226ms (1396 modules)
 ✓ Compiled in 220ms (1396 modules)
 ✓ Compiled in 248ms (1396 modules)
 ✓ Compiled in 247ms (1396 modules)
 GET /dashboard 200 in 373ms
 ✓ Compiled in 450ms (1396 modules)
 ✓ Compiled in 274ms (1396 modules)
 ✓ Compiled in 791ms (1396 modules)
 ✓ Compiled in 282ms (1396 modules)
 ✓ Compiled in 277ms (1396 modules)
 ✓ Compiled in 246ms (1396 modules)
 ✓ Compiled in 255ms (1396 modules)
 ✓ Compiled in 265ms (1396 modules)
 ✓ Compiled in 259ms (1396 modules)
 ✓ Compiled in 259ms (1396 modules)
 ✓ Compiled in 252ms (1396 modules)
 ✓ Compiled in 278ms (1396 modules)
 ⚠ Cross origin request detected from 100.100.26.105 to /_next/* resource. In a future major version of Next.js, you will need to explicitly configure "allowedDevOrigins" in next.config to allow this.
Read more: https://nextjs.org/docs/app/api-reference/config/next-config-js/allowedDevOrigins
 ✓ Compiled in 545ms (1396 modules)
 ✓ Compiled in 279ms (1396 modules)
 GET /dashboard 200 in 183ms
 ○ Compiling /api/alerts ...
 ✓ Compiled /api/alerts in 4.1s (2971 modules)
=== FETCHING ALERTS ===
Integration ID: null
Time Range: 12h
Status Filter: New
Severity Filter: null
Page: 1 Limit: 10
Where clause: {
  "timestamp": {
    "gte": "2025-12-05T21:28:14.812Z"
  },
  "status": "New"
}
Fetching integrations...
 GET /api/users 200 in 4215ms
Found 10 alerts out of 19 total
Found 4 integrations
 GET /api/integrations 200 in 4225ms
Stats: {
  total: 19,
  open: 0,
  inProgress: 0,
  resolved: 0,
  closed: 0,
  critical: 9,
  high: 5,
  medium: 5,
  low: 0
}
 GET /api/alerts?page=1&limit=10&time_range=12h&status=New 200 in 4333ms
 GET /dashboard 200 in 3965ms
Fetching integrations...
Found 4 integrations
 GET /api/integrations 200 in 43ms
 ⨯ SyntaxError: Unexpected end of JSON input
    at JSON.parse (<anonymous>) {
  page: '/api/alerts'
}
 ○ Compiling /_error ...
 ✓ Compiled /_error in 2.7s (3311 modules)
 ✓ Compiled in 462ms (1548 modules)
=== FETCHING ALERTS ===
Integration ID: cmisp627e005ljwvpdxbc8gwh
Time Range: 12h
Status Filter: New
Severity Filter: null
Page: 1 Limit: 10
Where clause: {
  "timestamp": {
    "gte": "2025-12-05T21:28:18.117Z"
  },
  "integrationId": "cmisp627e005ljwvpdxbc8gwh",
  "status": "New"
}
Found 8 alerts out of 8 total
Stats: {
  total: 8,
  open: 0,
  inProgress: 0,
  resolved: 0,
  closed: 0,
  critical: 8,
  high: 0,
  medium: 0,
  low: 0
}
 GET /api/alerts?integrationId=cmisp627e005ljwvpdxbc8gwh&page=1&limit=10&time_range=12h&status=New 200 in 1926ms
 GET /api/alerts?page=1&limit=10&time_range=12h&status=New 500 in 3403ms
 GET /dashboard 200 in 2417ms
 ✓ Compiled in 598ms (1548 modules)
 ✓ Compiled in 286ms (1548 modules)
 GET /dashboard 200 in 236ms
 ✓ Compiled in 317ms (1548 modules)
 ✓ Compiled in 332ms (1548 modules)
 GET /dashboard 200 in 184ms
 ✓ Compiled in 440ms (1548 modules)
 GET /dashboard 200 in 186ms
 ✓ Compiled in 294ms (1548 modules)
 GET /dashboard 200 in 163ms
 ✓ Compiled in 284ms (1548 modules)
 GET /dashboard 200 in 153ms
 ✓ Compiled in 288ms (1548 modules)
 GET /dashboard 200 in 156ms
 ✓ Compiled in 280ms (1548 modules)
 GET /dashboard 200 in 152ms
 ✓ Compiled in 292ms (1548 modules)
 GET /dashboard 200 in 154ms
 ✓ Compiled in 275ms (1548 modules)
 GET /dashboard 200 in 145ms
 ✓ Compiled in 283ms (1548 modules)
 GET /dashboard 200 in 150ms
 ✓ Compiled in 282ms (1548 modules)
 GET /dashboard 200 in 151ms
 ✓ Compiled in 293ms (1548 modules)
 GET /dashboard 200 in 163ms
 ✓ Compiled in 302ms (1548 modules)
 GET /dashboard 200 in 169ms
 ✓ Compiled in 285ms (1548 modules)
 GET /dashboard 200 in 153ms
 ✓ Compiled in 247ms (1548 modules)
 ✓ Compiled in 316ms (1548 modules)
 GET /dashboard 200 in 174ms
 ✓ Compiled in 335ms (1548 modules)
 GET /dashboard 200 in 171ms
 ✓ Compiled in 323ms (1548 modules)
 GET /dashboard 200 in 170ms
 ✓ Compiled in 263ms (1548 modules)
 GET /dashboard 200 in 209ms
 ✓ Compiled in 291ms (1548 modules)
 ✓ Compiled in 327ms (1548 modules)
 GET /dashboard 200 in 169ms
 ✓ Compiled in 339ms (1548 modules)
 GET /dashboard 200 in 180ms
 ✓ Compiled in 330ms (1548 modules)
 GET /dashboard 200 in 174ms
 ✓ Compiled in 338ms (1548 modules)
 GET /dashboard 200 in 179ms
 ✓ Compiled in 329ms (1548 modules)
 GET /dashboard 200 in 170ms
 ⚠ Fast Refresh had to perform a full reload. Read more: https://nextjs.org/docs/messages/fast-refresh-reload
 ⨯ [Error: ENOENT: no such file or directory, open '/home/soc/soc-dashboard/.next/server/next-font-manifest.json'] {
  errno: -2,
  code: 'ENOENT',
  syscall: 'open',
  path: '/home/soc/soc-dashboard/.next/server/next-font-manifest.json',
  page: '/dashboard'
}
 ⚠ Fast Refresh had to perform a full reload. Read more: https://nextjs.org/docs/messages/fast-refresh-reload
 ✓ Compiled in 1150ms (3311 modules)
 ⨯ [Error: ENOENT: no such file or directory, open '/home/soc/soc-dashboard/.next/server/pages/_document.js'] {
  errno: -2,
  code: 'ENOENT',
  syscall: 'open',
  path: '/home/soc/soc-dashboard/.next/server/pages/_document.js'
}
 ⨯ [Error: ENOENT: no such file or directory, open '/home/soc/soc-dashboard/.next/server/app/dashboard/page.js'] {
  errno: -2,
  code: 'ENOENT',
  syscall: 'open',
  path: '/home/soc/soc-dashboard/.next/server/app/dashboard/page.js',
  page: '/dashboard'
}
 ⚠ Fast Refresh had to perform a full reload. Read more: https://nextjs.org/docs/messages/fast-refresh-reload
 ⨯ [Error: ENOENT: no such file or directory, open '/home/soc/soc-dashboard/.next/server/pages/_document.js'] {
  errno: -2,
  code: 'ENOENT',
  syscall: 'open',
  path: '/home/soc/soc-dashboard/.next/server/pages/_document.js'
}
 ✓ Compiled in 2.8s (1548 modules)
 ⚠ Fast Refresh had to perform a full reload. Read more: https://nextjs.org/docs/messages/fast-refresh-reload
 ✓ Compiled in 1170ms (1548 modules)
 ⚠ Fast Refresh had to perform a full reload. Read more: https://nextjs.org/docs/messages/fast-refresh-reload
 ⚠ Fast Refresh had to perform a full reload. Read more: https://nextjs.org/docs/messages/fast-refresh-reload
 ✓ Compiled in 2.2s (3311 modules)
 GET /dashboard 500 in 7375ms
 GET /dashboard 500 in 7187ms
 ⚠ Fast Refresh had to perform a full reload. Read more: https://nextjs.org/docs/messages/fast-refresh-reload
 ✓ Compiled in 991ms (1548 modules)
 ✓ Compiled in 319ms (1548 modules)
 ✓ Compiled in 290ms (1548 modules)
 ✓ Compiled in 283ms (1548 modules)
 ✓ Compiled in 269ms (1548 modules)
 ✓ Compiled in 261ms (1548 modules)
 ✓ Compiled in 273ms (1548 modules)
 ✓ Compiled in 274ms (1548 modules)
 ✓ Compiled in 312ms (1548 modules)
 ⨯ [Error: ENOENT: no such file or directory, open '/home/soc/soc-dashboard/.next/server/app/dashboard/page.js'] {
  errno: -2,
  code: 'ENOENT',
  syscall: 'open',
  path: '/home/soc/soc-dashboard/.next/server/app/dashboard/page.js',
  page: '/dashboard'
}
 GET /dashboard 500 in 86ms
 ⚠ Fast Refresh had to perform a full reload due to a runtime error.
 ⚠ Fast Refresh had to perform a full reload due to a runtime error.
 ✓ Compiled in 883ms (3311 modules)
 ⨯ [Error: ENOENT: no such file or directory, open '/home/soc/soc-dashboard/.next/server/pages/_document.js'] {
  errno: -2,
  code: 'ENOENT',
  syscall: 'open',
  path: '/home/soc/soc-dashboard/.next/server/pages/_document.js'
}
 ⚠ Fast Refresh had to perform a full reload due to a runtime error.
 ✓ Compiled in 289ms (1548 modules)
 ⚠ Fast Refresh had to perform a full reload due to a runtime error.
 ✓ Compiled in 259ms (1548 modules)
 ✓ Compiled in 284ms (1548 modules)
 ⚠ Fast Refresh had to perform a full reload due to a runtime error.
 ✓ Compiled in 252ms (1548 modules)
 ⚠ Fast Refresh had to perform a full reload due to a runtime error.
 ✓ Compiled in 301ms (1548 modules)
 ⚠ Fast Refresh had to perform a full reload due to a runtime error.
 ✓ Compiled in 295ms (1548 modules)
 ⚠ Fast Refresh had to perform a full reload due to a runtime error.
 ✓ Compiled in 262ms (1548 modules)
 ⚠ Fast Refresh had to perform a full reload due to a runtime error.
 ✓ Compiled in 263ms (1548 modules)
 ⚠ Fast Refresh had to perform a full reload due to a runtime error.
 ✓ Compiled in 385ms (1548 modules)
 ⚠ Fast Refresh had to perform a full reload due to a runtime error.
 ✓ Compiled in 283ms (1548 modules)
 ⚠ Fast Refresh had to perform a full reload due to a runtime error.
 ✓ Compiled in 274ms (1548 modules)
 ⚠ Fast Refresh had to perform a full reload due to a runtime error.
 ✓ Compiled in 288ms (1548 modules)
 ⚠ Fast Refresh had to perform a full reload due to a runtime error.
 ✓ Compiled in 324ms (1548 modules)
 ⚠ Fast Refresh had to perform a full reload due to a runtime error.
 ✓ Compiled in 276ms (1548 modules)
 ⚠ Fast Refresh had to perform a full reload due to a runtime error.
 ✓ Compiled in 296ms (1548 modules)
 ⚠ Fast Refresh had to perform a full reload due to a runtime error.
 ✓ Compiled in 267ms (1548 modules)
 ⚠ Fast Refresh had to perform a full reload due to a runtime error.
 ✓ Compiled in 299ms (1548 modules)
 ⚠ Fast Refresh had to perform a full reload due to a runtime error.
 ✓ Compiled in 430ms (1548 modules)
 ⚠ Fast Refresh had to perform a full reload due to a runtime error.
 ✓ Compiled in 304ms (1548 modules)
 ⚠ Fast Refresh had to perform a full reload due to a runtime error.
 ✓ Compiled in 288ms (1548 modules)
 ⚠ Fast Refresh had to perform a full reload due to a runtime error.
 ✓ Compiled in 283ms (1548 modules)
 ✓ Compiled in 289ms (1548 modules)
 ✓ Compiled in 265ms (1548 modules)
 ✓ Compiled in 286ms (1548 modules)
 ✓ Compiled in 269ms (1548 modules)
 ✓ Compiled in 296ms (1548 modules)
 ✓ Compiled in 281ms (1548 modules)
 ✓ Compiled in 285ms (1548 modules)
 ✓ Compiled in 283ms (1548 modules)
 ✓ Compiled in 273ms (1548 modules)
 ✓ Compiled in 262ms (1548 modules)
 ✓ Compiled in 270ms (1548 modules)
 ✓ Compiled in 276ms (1548 modules)
 ✓ Compiled in 259ms (1548 modules)
 ✓ Compiled in 279ms (1548 modules)
 ✓ Compiled in 288ms (1548 modules)
 ✓ Compiled in 286ms (1548 modules)
 ✓ Compiled in 305ms (1548 modules)
 ✓ Compiled in 479ms (1548 modules)
<w> [webpack.cache.PackFileCacheStrategy] Caching failed for pack: Error: ENOENT: no such file or directory, rename '/home/soc/soc-dashboard/.next/cache/webpack/client-development-fallback/0.pack.gz_' -> '/home/soc/soc-dashboard/.next/cache/webpack/client-development-fallback/0.pack.gz'
 ✓ Compiled in 286ms (1548 modules)
 ✓ Compiled in 283ms (1548 modules)
 ✓ Compiled in 308ms (1548 modules)
 ✓ Compiled in 274ms (1548 modules)
 ✓ Compiled in 271ms (1548 modules)
 ✓ Compiled in 280ms (1548 modules)
 ✓ Compiled in 243ms (1548 modules)
 ✓ Compiled in 236ms (1548 modules)
 ✓ Compiled in 240ms (1548 modules)
 ✓ Compiled in 290ms (1548 modules)
 ✓ Compiled in 276ms (1548 modules)
 ✓ Compiled in 278ms (1548 modules)
 ✓ Compiled in 320ms (1548 modules)
 ✓ Compiled in 270ms (1548 modules)
 ✓ Compiled in 271ms (1548 modules)
 ✓ Compiled in 274ms (1548 modules)
 ✓ Compiled in 242ms (1548 modules)
 ✓ Compiled in 241ms (1548 modules)
 ✓ Compiled in 234ms (1548 modules)
 ✓ Compiled in 237ms (1548 modules)
 ✓ Compiled in 288ms (1548 modules)
 ✓ Compiled in 232ms (1548 modules)
 ✓ Compiled in 242ms (1548 modules)
 ✓ Compiled in 232ms (1548 modules)
 ✓ Compiled in 257ms (1548 modules)
 ✓ Compiled in 276ms (1548 modules)
 ✓ Compiled in 236ms (1548 modules)
 ✓ Compiled in 241ms (1548 modules)
 ✓ Compiled in 241ms (1548 modules)
 ✓ Compiled in 273ms (1548 modules)
 ✓ Compiled in 327ms (1548 modules)
 ✓ Compiled in 256ms (1548 modules)
 ✓ Compiled in 282ms (1548 modules)
 ✓ Compiled in 279ms (1548 modules)
 ✓ Compiled in 277ms (1548 modules)
 ✓ Compiled in 274ms (1548 modules)
 ✓ Compiled in 269ms (1548 modules)
 ✓ Compiled in 279ms (1548 modules)
 ✓ Compiled in 281ms (1548 modules)
 ✓ Compiled in 283ms (1548 modules)
 ✓ Compiled in 259ms (1548 modules)
 ✓ Compiled in 284ms (1548 modules)
 ✓ Compiled in 285ms (1548 modules)
 ✓ Compiled in 288ms (1548 modules)
 ✓ Compiled in 273ms (1548 modules)
 ✓ Compiled in 247ms (1548 modules)
 ✓ Compiled in 250ms (1548 modules)
 ✓ Compiled in 247ms (1548 modules)
 ✓ Compiled in 256ms (1548 modules)
 ✓ Compiled in 323ms (1548 modules)
 ✓ Compiled in 262ms (1548 modules)
 ✓ Compiled in 290ms (1548 modules)
 ✓ Compiled in 284ms (1548 modules)
 ✓ Compiled in 517ms (1548 modules)
 ✓ Compiled in 249ms (1548 modules)
 ✓ Compiled in 291ms (1548 modules)
 ✓ Compiled in 247ms (1548 modules)
 ✓ Compiled in 278ms (1548 modules)
 ✓ Compiled in 267ms (1548 modules)
 ✓ Compiled in 272ms (1548 modules)
 ✓ Compiled in 261ms (1548 modules)
 ✓ Compiled in 248ms (1548 modules)
 ✓ Compiled in 273ms (1548 modules)
 ✓ Compiled in 272ms (1548 modules)
 ✓ Compiled in 248ms (1548 modules)
 ✓ Compiled in 254ms (1548 modules)
 ✓ Compiled in 253ms (1548 modules)
 ✓ Compiled in 233ms (1548 modules)
 ✓ Compiled in 231ms (1548 modules)
 ✓ Compiled in 256ms (1548 modules)
 ✓ Compiled in 265ms (1548 modules)
 ✓ Compiled in 267ms (1548 modules)
 ✓ Compiled in 268ms (1548 modules)
 ✓ Compiled in 234ms (1548 modules)
 ✓ Compiled in 248ms (1548 modules)
 ✓ Compiled in 250ms (1548 modules)
 ✓ Compiled in 232ms (1548 modules)
 ✓ Compiled in 260ms (1548 modules)
 ✓ Compiled in 259ms (1548 modules)
 ✓ Compiled in 254ms (1548 modules)
 ✓ Compiled in 248ms (1548 modules)
 ✓ Compiled in 235ms (1548 modules)
 ✓ Compiled in 265ms (1548 modules)
 ✓ Compiled in 233ms (1548 modules)
 ✓ Compiled in 297ms (1548 modules)
 ✓ Compiled in 233ms (1548 modules)
 ✓ Compiled in 232ms (1548 modules)
 ✓ Compiled in 246ms (1548 modules)
 ✓ Compiled in 311ms (1548 modules)
 ✓ Compiled in 264ms (1548 modules)
 ✓ Compiled in 331ms (1548 modules)
 ✓ Compiled in 300ms (1548 modules)
 ✓ Compiled in 296ms (1548 modules)
 ✓ Compiled in 259ms (1548 modules)
 ✓ Compiled in 255ms (1548 modules)
 ✓ Compiled in 314ms (1548 modules)
 ✓ Compiled in 276ms (1548 modules)
 ✓ Compiled in 244ms (1548 modules)
 ✓ Compiled in 256ms (1548 modules)
 ✓ Compiled in 288ms (1548 modules)
 ✓ Compiled in 277ms (1548 modules)
 ✓ Compiled in 276ms (1548 modules)
 ✓ Compiled in 341ms (1548 modules)
 ✓ Compiled in 246ms (1548 modules)
 ✓ Compiled in 275ms (1548 modules)
 ✓ Compiled in 247ms (1548 modules)
 ✓ Compiled in 436ms (1548 modules)
 ✓ Compiled in 283ms (1548 modules)
 ✓ Compiled in 263ms (1548 modules)
 ✓ Compiled in 336ms (1548 modules)
 ✓ Compiled in 281ms (1548 modules)
 ✓ Compiled in 268ms (1548 modules)
 ✓ Compiled in 234ms (1548 modules)
 ✓ Compiled in 248ms (1548 modules)
 ✓ Compiled in 267ms (1548 modules)
 ✓ Compiled in 235ms (1548 modules)
 ✓ Compiled in 243ms (1548 modules)
 ✓ Compiled in 233ms (1548 modules)
 ✓ Compiled in 235ms (1548 modules)
 ✓ Compiled in 244ms (1548 modules)
 ✓ Compiled in 238ms (1548 modules)
 ✓ Compiled in 266ms (1548 modules)
 ✓ Compiled in 234ms (1548 modules)
 ✓ Compiled in 226ms (1548 modules)
 ✓ Compiled in 253ms (1548 modules)
 ✓ Compiled in 243ms (1548 modules)
 ✓ Compiled in 232ms (1548 modules)
 ✓ Compiled in 232ms (1548 modules)
 ✓ Compiled in 229ms (1548 modules)
 ✓ Compiled in 232ms (1548 modules)
 ✓ Compiled in 267ms (1548 modules)
 ✓ Compiled in 234ms (1548 modules)
 ✓ Compiled in 261ms (1548 modules)
 ✓ Compiled in 256ms (1548 modules)
 ✓ Compiled in 252ms (1548 modules)
 ✓ Compiled in 274ms (1548 modules)
 ✓ Compiled in 263ms (1548 modules)
 ✓ Compiled in 279ms (1548 modules)
 ✓ Compiled in 250ms (1548 modules)
 ✓ Compiled in 241ms (1548 modules)
 ✓ Compiled in 249ms (1548 modules)
 ✓ Compiled in 239ms (1548 modules)
 ✓ Compiled in 250ms (1548 modules)
 ✓ Compiled in 240ms (1548 modules)
 ✓ Compiled in 240ms (1548 modules)
 ✓ Compiled in 244ms (1548 modules)
 ✓ Compiled in 235ms (1548 modules)
 ✓ Compiled in 245ms (1548 modules)
 ✓ Compiled in 270ms (1548 modules)
 ✓ Compiled in 244ms (1548 modules)
 ✓ Compiled in 250ms (1548 modules)
 ✓ Compiled in 236ms (1548 modules)
 ✓ Compiled in 241ms (1548 modules)
 ✓ Compiled in 252ms (1548 modules)
 ✓ Compiled in 254ms (1548 modules)
 ✓ Compiled in 299ms (1548 modules)
 ✓ Compiled in 245ms (1548 modules)
 ✓ Compiled in 269ms (1548 modules)
 ✓ Compiled in 271ms (1548 modules)
 ✓ Compiled in 236ms (1548 modules)
 ✓ Compiled in 391ms (1548 modules)
 ✓ Compiled in 283ms (1548 modules)
 ✓ Compiled in 231ms (1548 modules)
 ✓ Compiled in 223ms (1548 modules)
 ✓ Compiled in 228ms (1548 modules)
 ✓ Compiled in 227ms (1548 modules)
 ✓ Compiled in 234ms (1548 modules)
 ✓ Compiled in 240ms (1548 modules)
 ✓ Compiled in 227ms (1548 modules)
 ✓ Compiled in 260ms (1548 modules)
 ✓ Compiled in 226ms (1548 modules)
 ✓ Compiled in 252ms (1548 modules)
 ✓ Compiled in 240ms (1548 modules)
 ✓ Compiled in 227ms (1548 modules)
 ✓ Compiled in 232ms (1548 modules)
 ✓ Compiled in 224ms (1548 modules)
 ✓ Compiled in 261ms (1548 modules)
 ✓ Compiled in 259ms (1548 modules)
 ✓ Compiled in 228ms (1548 modules)
 ✓ Compiled in 499ms (1548 modules)
 ✓ Compiled in 254ms (1548 modules)
 ✓ Compiled in 1238ms (1548 modules)
 ✓ Compiled in 257ms (1548 modules)
 ✓ Compiled in 273ms (1548 modules)
 ✓ Compiled in 281ms (1548 modules)
 ✓ Compiled in 275ms (1548 modules)
 ✓ Compiled in 279ms (1548 modules)
 ✓ Compiled in 249ms (1548 modules)
 ✓ Compiled in 237ms (1548 modules)
 ✓ Compiled in 312ms (1548 modules)
 ✓ Compiled in 266ms (1547 modules)
 ✓ Compiled in 273ms (1547 modules)
 ✓ Compiled in 251ms (1547 modules)
 ✓ Compiled in 391ms (1547 modules)
 ✓ Compiled in 274ms (1547 modules)
 ✓ Compiled in 266ms (1547 modules)
 ✓ Compiled in 232ms (1547 modules)
 ✓ Compiled in 235ms (1547 modules)
 ✓ Compiled in 238ms (1547 modules)
 ✓ Compiled in 242ms (1547 modules)
 ✓ Compiled in 239ms (1547 modules)
 ✓ Compiled in 241ms (1547 modules)
 ✓ Compiled in 269ms (1547 modules)
 ✓ Compiled in 275ms (1547 modules)
 ✓ Compiled in 297ms (1547 modules)
 ✓ Compiled in 266ms (1547 modules)
 ✓ Compiled in 267ms (1547 modules)
 ✓ Compiled in 237ms (1547 modules)
 ✓ Compiled in 248ms (1547 modules)
 ✓ Compiled in 243ms (1547 modules)
 ✓ Compiled in 245ms (1547 modules)
 ✓ Compiled in 236ms (1547 modules)
 ✓ Compiled in 243ms (1547 modules)
 ✓ Compiled in 268ms (1547 modules)
 ✓ Compiled in 259ms (1547 modules)
 ✓ Compiled in 236ms (1547 modules)
 ✓ Compiled in 257ms (1547 modules)
 ✓ Compiled in 244ms (1547 modules)
 ✓ Compiled in 253ms (1547 modules)
 ✓ Compiled in 278ms (1547 modules)
 ✓ Compiled in 244ms (1547 modules)
 ✓ Compiled in 247ms (1547 modules)
 ✓ Compiled in 276ms (1547 modules)
 ✓ Compiled in 273ms (1547 modules)
 ✓ Compiled in 255ms (1547 modules)
 ✓ Compiled in 245ms (1547 modules)
 ✓ Compiled in 256ms (1547 modules)
 ✓ Compiled in 273ms (1547 modules)
 ✓ Compiled in 284ms (1547 modules)
 ✓ Compiled in 308ms (1547 modules)
 ✓ Compiled in 286ms (1547 modules)
 ✓ Compiled in 280ms (1547 modules)
 ✓ Compiled in 276ms (1547 modules)
 ✓ Compiled in 283ms (1547 modules)
 ✓ Compiled in 299ms (1547 modules)
 ✓ Compiled in 565ms (1547 modules)
 ✓ Compiled in 338ms (1547 modules)
 ✓ Compiled in 429ms (1547 modules)
 ✓ Compiled in 279ms (1547 modules)
 ✓ Compiled in 247ms (1547 modules)
 ✓ Compiled in 269ms (1547 modules)
 ✓ Compiled in 269ms (1547 modules)
 ✓ Compiled in 238ms (1547 modules)
 ✓ Compiled in 241ms (1547 modules)
 ✓ Compiled in 249ms (1547 modules)
 ✓ Compiled in 275ms (1547 modules)
 ✓ Compiled in 304ms (1547 modules)
 ✓ Compiled in 232ms (1547 modules)
 ✓ Compiled in 233ms (1547 modules)
 ✓ Compiled in 236ms (1547 modules)
 ✓ Compiled in 254ms (1547 modules)
 ✓ Compiled in 245ms (1547 modules)
 ✓ Compiled in 271ms (1547 modules)
 ✓ Compiled in 284ms (1547 modules)
 ✓ Compiled in 276ms (1547 modules)
 ✓ Compiled in 282ms (1547 modules)
 ✓ Compiled in 271ms (1547 modules)
 ✓ Compiled in 284ms (1547 modules)
 ✓ Compiled in 380ms (1547 modules)
 ✓ Compiled in 312ms (1547 modules)
 ✓ Compiled in 261ms (1547 modules)
 ✓ Compiled in 237ms (1547 modules)
 ✓ Compiled in 235ms (1547 modules)
 ✓ Compiled in 251ms (1547 modules)
 ✓ Compiled in 255ms (1547 modules)
 ✓ Compiled in 277ms (1547 modules)
 ✓ Compiled in 290ms (1547 modules)
 ✓ Compiled in 243ms (1547 modules)
 ✓ Compiled in 245ms (1547 modules)
 ✓ Compiled in 260ms (1547 modules)
 ✓ Compiled in 241ms (1547 modules)
 ✓ Compiled in 244ms (1547 modules)
 ✓ Compiled in 286ms (1547 modules)
 ✓ Compiled in 270ms (1547 modules)
 ✓ Compiled in 291ms (1547 modules)
 ✓ Compiled in 242ms (1547 modules)
 ✓ Compiled in 239ms (1547 modules)
 ✓ Compiled in 241ms (1547 modules)
 ✓ Compiled in 242ms (1547 modules)
 ✓ Compiled in 241ms (1547 modules)
 ✓ Compiled in 259ms (1547 modules)
 ✓ Compiled in 292ms (1547 modules)
 ✓ Compiled in 258ms (1547 modules)
 ✓ Compiled in 251ms (1547 modules)
 ✓ Compiled in 249ms (1547 modules)
 ✓ Compiled in 250ms (1547 modules)
 ✓ Compiled in 283ms (1547 modules)
 ✓ Compiled in 257ms (1547 modules)
 ✓ Compiled in 265ms (1547 modules)
 ✓ Compiled in 488ms (1547 modules)
 ✓ Compiled in 364ms (1547 modules)
 ✓ Compiled in 245ms (1547 modules)
 ✓ Compiled in 264ms (1547 modules)
 ✓ Compiled in 243ms (1547 modules)
 ✓ Compiled in 269ms (1547 modules)
 ✓ Compiled in 274ms (1547 modules)
 ✓ Compiled in 274ms (1547 modules)
 ✓ Compiled in 239ms (1547 modules)
 ✓ Compiled in 230ms (1547 modules)
 ✓ Compiled in 230ms (1547 modules)
 ✓ Compiled in 239ms (1547 modules)
 ✓ Compiled in 230ms (1547 modules)
 ✓ Compiled in 235ms (1547 modules)
 ✓ Compiled in 236ms (1547 modules)
 ✓ Compiled in 243ms (1547 modules)
 ✓ Compiled in 236ms (1547 modules)
 ✓ Compiled in 232ms (1547 modules)
 ✓ Compiled in 231ms (1547 modules)
 ✓ Compiled in 245ms (1547 modules)
 ✓ Compiled in 266ms (1547 modules)
 ✓ Compiled in 233ms (1547 modules)
 ✓ Compiled in 238ms (1547 modules)
 ✓ Compiled in 278ms (1547 modules)
 ✓ Compiled in 238ms (1547 modules)
 ✓ Compiled in 228ms (1547 modules)
 ✓ Compiled in 246ms (1547 modules)
 ✓ Compiled in 240ms (1547 modules)
 ✓ Compiled in 244ms (1547 modules)
 ✓ Compiled in 244ms (1547 modules)
 ✓ Compiled in 261ms (1547 modules)
 ✓ Compiled in 275ms (1547 modules)
 ✓ Compiled in 239ms (1547 modules)
 ✓ Compiled in 244ms (1547 modules)
 ✓ Compiled in 238ms (1547 modules)
 ✓ Compiled in 246ms (1547 modules)
 ✓ Compiled in 236ms (1547 modules)
 ✓ Compiled in 242ms (1547 modules)
 ✓ Compiled in 243ms (1547 modules)
 ✓ Compiled in 253ms (1547 modules)
 ✓ Compiled in 256ms (1547 modules)
 ✓ Compiled in 240ms (1547 modules)
 ✓ Compiled in 244ms (1547 modules)
 ✓ Compiled in 265ms (1547 modules)
 ✓ Compiled in 244ms (1547 modules)
 ✓ Compiled in 238ms (1547 modules)
 ✓ Compiled in 247ms (1547 modules)
 ✓ Compiled in 243ms (1547 modules)
 ✓ Compiled in 241ms (1547 modules)
 ✓ Compiled in 236ms (1547 modules)
 ✓ Compiled in 239ms (1547 modules)
 ✓ Compiled in 256ms (1547 modules)
 ✓ Compiled in 243ms (1547 modules)
 ✓ Compiled in 398ms (1547 modules)
 ✓ Compiled in 333ms (1547 modules)
 ✓ Compiled in 235ms (1547 modules)
 ✓ Compiled in 235ms (1547 modules)
 ✓ Compiled in 232ms (1547 modules)
 ✓ Compiled in 239ms (1547 modules)
 ✓ Compiled in 242ms (1547 modules)
 ✓ Compiled in 235ms (1547 modules)
 ✓ Compiled in 230ms (1547 modules)
 ✓ Compiled in 232ms (1547 modules)
 ✓ Compiled in 255ms (1547 modules)
 ✓ Compiled in 241ms (1547 modules)
 ✓ Compiled in 228ms (1547 modules)
 ✓ Compiled in 229ms (1547 modules)
 ✓ Compiled in 227ms (1547 modules)
 ✓ Compiled in 226ms (1547 modules)
 ✓ Compiled in 225ms (1547 modules)
 ✓ Compiled in 234ms (1547 modules)
 ✓ Compiled in 233ms (1547 modules)
 ✓ Compiled in 235ms (1547 modules)
 ✓ Compiled in 228ms (1547 modules)
 ✓ Compiled in 274ms (1547 modules)
 ✓ Compiled in 301ms (1547 modules)
 ✓ Compiled in 249ms (1547 modules)
 ✓ Compiled in 235ms (1547 modules)
 ✓ Compiled in 235ms (1547 modules)
 ✓ Compiled in 240ms (1547 modules)
 ✓ Compiled in 234ms (1547 modules)
 ✓ Compiled in 227ms (1547 modules)
 ✓ Compiled in 224ms (1547 modules)
 ✓ Compiled in 261ms (1547 modules)
 ✓ Compiled in 278ms (1547 modules)
 ✓ Compiled in 272ms (1547 modules)
 ✓ Compiled in 265ms (1547 modules)
 ✓ Compiled in 239ms (1547 modules)
 ✓ Compiled in 236ms (1547 modules)
 ✓ Compiled in 235ms (1547 modules)
 ✓ Compiled in 267ms (1547 modules)
 ✓ Compiled in 238ms (1547 modules)
 ✓ Compiled in 264ms (1547 modules)
 ✓ Compiled in 290ms (1547 modules)
 ✓ Compiled in 246ms (1547 modules)
 ✓ Compiled in 242ms (1547 modules)
 ✓ Compiled in 238ms (1547 modules)
 ✓ Compiled in 238ms (1547 modules)
 ✓ Compiled in 244ms (1547 modules)
 ✓ Compiled in 252ms (1547 modules)
 ✓ Compiled in 245ms (1547 modules)
 ✓ Compiled in 246ms (1547 modules)
 ✓ Compiled in 275ms (1547 modules)
 ✓ Compiled in 245ms (1547 modules)
 ✓ Compiled in 245ms (1547 modules)
 ✓ Compiled in 242ms (1547 modules)
 ✓ Compiled in 251ms (1547 modules)
 ✓ Compiled in 530ms (1547 modules)
 ✓ Compiled in 244ms (1547 modules)
 ✓ Compiled in 243ms (1547 modules)
 ✓ Compiled in 237ms (1547 modules)
 ✓ Compiled in 239ms (1547 modules)
 ✓ Compiled in 243ms (1547 modules)
 ✓ Compiled in 236ms (1547 modules)
 ✓ Compiled in 237ms (1547 modules)
 ✓ Compiled in 247ms (1547 modules)
 ✓ Compiled in 237ms (1547 modules)
 ✓ Compiled in 240ms (1547 modules)
 ✓ Compiled in 243ms (1547 modules)
 ✓ Compiled in 242ms (1547 modules)
 ✓ Compiled in 277ms (1547 modules)
 ✓ Compiled in 275ms (1547 modules)
 ✓ Compiled in 254ms (1547 modules)
 ✓ Compiled in 244ms (1547 modules)
 ✓ Compiled in 233ms (1547 modules)
 ✓ Compiled in 239ms (1547 modules)
 ✓ Compiled in 235ms (1547 modules)
 ✓ Compiled in 247ms (1547 modules)
 ✓ Compiled in 248ms (1547 modules)
 ✓ Compiled in 242ms (1547 modules)
 ✓ Compiled in 234ms (1547 modules)
 ✓ Compiled in 236ms (1547 modules)
 ✓ Compiled in 258ms (1547 modules)
 ✓ Compiled in 288ms (1547 modules)
 ✓ Compiled in 237ms (1547 modules)
 ✓ Compiled in 235ms (1547 modules)
 ✓ Compiled in 312ms (1547 modules)
 ✓ Compiled in 246ms (1547 modules)
 ✓ Compiled in 270ms (1547 modules)
 ✓ Compiled in 239ms (1547 modules)
 ✓ Compiled in 240ms (1547 modules)
 ✓ Compiled in 242ms (1547 modules)
 ✓ Compiled in 246ms (1547 modules)
 ✓ Compiled in 239ms (1547 modules)
 ✓ Compiled in 275ms (1547 modules)
 ✓ Compiled in 245ms (1547 modules)
 ✓ Compiled in 241ms (1547 modules)
 ✓ Compiled in 241ms (1547 modules)
 ✓ Compiled in 256ms (1547 modules)
 ✓ Compiled in 236ms (1547 modules)
 ✓ Compiled in 240ms (1547 modules)
 ✓ Compiled in 250ms (1547 modules)
 ✓ Compiled in 254ms (1547 modules)
 ✓ Compiled in 270ms (1547 modules)
 ✓ Compiled in 278ms (1547 modules)
 ✓ Compiled in 270ms (1547 modules)
 ✓ Compiled in 248ms (1547 modules)
 ✓ Compiled in 292ms (1547 modules)
 ✓ Compiled in 240ms (1547 modules)
 ✓ Compiled in 238ms (1547 modules)
 ✓ Compiled in 251ms (1547 modules)
 ✓ Compiled in 450ms (1547 modules)
 ✓ Compiled in 274ms (1547 modules)
 ✓ Compiled in 265ms (1547 modules)
 ✓ Compiled in 268ms (1547 modules)
 ✓ Compiled in 230ms (1547 modules)
 ✓ Compiled in 242ms (1547 modules)
 ✓ Compiled in 238ms (1547 modules)
 ✓ Compiled in 272ms (1547 modules)
 ✓ Compiled in 261ms (1547 modules)
 ✓ Compiled in 277ms (1547 modules)
 ✓ Compiled in 278ms (1547 modules)
 ✓ Compiled in 266ms (1547 modules)
 ✓ Compiled in 282ms (1547 modules)
 ✓ Compiled in 269ms (1547 modules)
 ✓ Compiled in 267ms (1547 modules)
 ✓ Compiled in 229ms (1547 modules)
 ✓ Compiled in 314ms (1547 modules)
 ✓ Compiled in 236ms (1547 modules)
 ✓ Compiled in 265ms (1547 modules)
 ✓ Compiled in 271ms (1547 modules)
 ✓ Compiled in 269ms (1547 modules)
 ✓ Compiled in 267ms (1547 modules)
 ✓ Compiled in 265ms (1547 modules)
 ✓ Compiled in 268ms (1547 modules)
 ✓ Compiled in 283ms (1547 modules)
 ✓ Compiled in 266ms (1547 modules)
 ✓ Compiled in 235ms (1547 modules)
 ✓ Compiled in 232ms (1547 modules)
 ✓ Compiled in 232ms (1547 modules)
 ✓ Compiled in 237ms (1547 modules)
 ✓ Compiled in 296ms (1547 modules)
 ✓ Compiled in 293ms (1547 modules)
 ✓ Compiled in 291ms (1547 modules)
 ✓ Compiled in 254ms (1547 modules)
 ✓ Compiled in 258ms (1547 modules)
 ✓ Compiled in 322ms (1547 modules)
 ✓ Compiled in 258ms (1547 modules)
 ✓ Compiled in 240ms (1547 modules)
 ✓ Compiled in 250ms (1547 modules)
 ✓ Compiled in 254ms (1547 modules)
 ✓ Compiled in 259ms (1547 modules)
 ✓ Compiled in 261ms (1547 modules)
 ✓ Compiled in 243ms (1547 modules)
 ✓ Compiled in 246ms (1547 modules)
 ✓ Compiled in 279ms (1547 modules)
 ✓ Compiled in 293ms (1547 modules)
 ✓ Compiled in 582ms (1547 modules)
 ✓ Compiled in 612ms (1547 modules)
 ✓ Compiled in 294ms (1547 modules)
 ✓ Compiled in 259ms (1547 modules)
 ✓ Compiled in 273ms (1547 modules)
 ✓ Compiled in 279ms (1547 modules)
 ✓ Compiled in 271ms (1547 modules)
 ✓ Compiled in 400ms (1547 modules)
 ✓ Compiled in 299ms (1547 modules)
 ✓ Compiled in 242ms (1547 modules)
 ✓ Compiled in 237ms (1547 modules)
 ✓ Compiled in 241ms (1547 modules)
 ✓ Compiled in 238ms (1547 modules)
 ✓ Compiled in 235ms (1547 modules)
 ✓ Compiled in 238ms (1547 modules)
 ✓ Compiled in 231ms (1547 modules)
 ✓ Compiled in 233ms (1547 modules)
 ✓ Compiled in 239ms (1547 modules)
 ✓ Compiled in 230ms (1547 modules)
 ✓ Compiled in 228ms (1547 modules)
 ✓ Compiled in 232ms (1547 modules)
 ✓ Compiled in 236ms (1547 modules)
 ✓ Compiled in 233ms (1547 modules)
 ✓ Compiled in 229ms (1547 modules)
 ✓ Compiled in 228ms (1547 modules)
 ✓ Compiled in 234ms (1547 modules)
 ✓ Compiled in 234ms (1547 modules)
 ✓ Compiled in 233ms (1547 modules)
 ✓ Compiled in 232ms (1547 modules)
 ✓ Compiled in 231ms (1547 modules)
 ✓ Compiled in 249ms (1547 modules)
 ✓ Compiled in 309ms (1547 modules)
 ✓ Compiled in 235ms (1547 modules)
 ✓ Compiled in 230ms (1547 modules)
 ✓ Compiled in 229ms (1547 modules)
 ✓ Compiled in 229ms (1547 modules)
 ✓ Compiled in 235ms (1547 modules)
 ✓ Compiled in 245ms (1547 modules)
 ✓ Compiled in 226ms (1547 modules)
 ✓ Compiled in 228ms (1547 modules)
 ✓ Compiled in 244ms (1547 modules)
 ✓ Compiled in 234ms (1547 modules)
 ✓ Compiled in 243ms (1547 modules)
 ✓ Compiled in 238ms (1547 modules)
 ✓ Compiled in 236ms (1547 modules)
 ✓ Compiled in 237ms (1547 modules)
 ✓ Compiled in 248ms (1547 modules)
 ✓ Compiled in 253ms (1547 modules)
 ✓ Compiled in 245ms (1547 modules)
 ✓ Compiled in 243ms (1547 modules)
 ✓ Compiled in 247ms (1547 modules)
 ✓ Compiled in 244ms (1547 modules)
 ✓ Compiled in 243ms (1547 modules)
 ✓ Compiled in 243ms (1547 modules)
 ✓ Compiled in 238ms (1547 modules)
 ✓ Compiled in 245ms (1547 modules)
 ✓ Compiled in 284ms (1547 modules)
 ✓ Compiled in 276ms (1547 modules)
 ✓ Compiled in 274ms (1547 modules)
 ✓ Compiled in 271ms (1547 modules)
 ✓ Compiled in 255ms (1547 modules)
 ✓ Compiled in 424ms (1547 modules)
 ✓ Compiled in 266ms (1547 modules)
 ✓ Compiled in 233ms (1547 modules)
 ✓ Compiled in 237ms (1547 modules)
 ✓ Compiled in 241ms (1547 modules)
 ✓ Compiled in 233ms (1547 modules)
 ✓ Compiled in 246ms (1547 modules)
 ✓ Compiled in 232ms (1547 modules)
 ✓ Compiled in 235ms (1547 modules)
 ✓ Compiled in 233ms (1547 modules)
 ✓ Compiled in 243ms (1547 modules)
 ✓ Compiled in 262ms (1547 modules)
 ✓ Compiled in 269ms (1547 modules)
 ✓ Compiled in 269ms (1547 modules)
 ✓ Compiled in 259ms (1547 modules)
 ✓ Compiled in 270ms (1547 modules)
 ✓ Compiled in 268ms (1547 modules)
 ✓ Compiled in 261ms (1547 modules)
 ✓ Compiled in 261ms (1547 modules)
 ✓ Compiled in 269ms (1547 modules)
 ✓ Compiled in 261ms (1547 modules)
 ✓ Compiled in 266ms (1547 modules)
 ✓ Compiled in 267ms (1547 modules)
 ✓ Compiled in 270ms (1547 modules)
 ✓ Compiled in 269ms (1547 modules)
 ✓ Compiled in 261ms (1547 modules)
 ✓ Compiled in 307ms (1547 modules)
 ✓ Compiled in 231ms (1547 modules)
 ✓ Compiled in 253ms (1547 modules)
 ✓ Compiled in 255ms (1547 modules)
 ✓ Compiled in 267ms (1547 modules)
 ✓ Compiled in 227ms (1547 modules)
 ✓ Compiled in 263ms (1547 modules)
 ✓ Compiled in 265ms (1547 modules)
 ✓ Compiled in 273ms (1547 modules)
 ✓ Compiled in 264ms (1547 modules)
 ✓ Compiled in 273ms (1547 modules)
 ✓ Compiled in 265ms (1547 modules)
 ✓ Compiled in 281ms (1547 modules)
 ✓ Compiled in 271ms (1547 modules)
 ✓ Compiled in 264ms (1547 modules)
 ✓ Compiled in 267ms (1547 modules)
 ✓ Compiled in 270ms (1547 modules)
 ✓ Compiled in 270ms (1547 modules)
 ✓ Compiled in 272ms (1547 modules)
 ✓ Compiled in 275ms (1547 modules)
 ✓ Compiled in 274ms (1547 modules)
 ✓ Compiled in 268ms (1547 modules)
 ✓ Compiled in 253ms (1547 modules)
 ✓ Compiled in 237ms (1547 modules)
 ✓ Compiled in 268ms (1547 modules)
 ✓ Compiled in 270ms (1547 modules)
 ✓ Compiled in 270ms (1547 modules)
 ✓ Compiled in 282ms (1547 modules)
 ✓ Compiled in 503ms (1547 modules)
 ✓ Compiled in 287ms (1547 modules)
 ✓ Compiled in 273ms (1547 modules)
 ✓ Compiled in 270ms (1547 modules)
 ✓ Compiled in 233ms (1547 modules)
 ✓ Compiled in 243ms (1547 modules)
 ✓ Compiled in 244ms (1547 modules)
